Started GET "/" for ::1 at 2017-03-10 16:35:19 +0800
  
ActiveRecord::NoDatabaseError (FATAL:  database "screenfo_api_development" does not exist
):
  
activerecord (5.0.2) lib/active_record/connection_adapters/postgresql_adapter.rb:675:in `rescue in connect'
activerecord (5.0.2) lib/active_record/connection_adapters/postgresql_adapter.rb:671:in `connect'
activerecord (5.0.2) lib/active_record/connection_adapters/postgresql_adapter.rb:217:in `initialize'
activerecord (5.0.2) lib/active_record/connection_adapters/postgresql_adapter.rb:37:in `new'
activerecord (5.0.2) lib/active_record/connection_adapters/postgresql_adapter.rb:37:in `postgresql_connection'
activerecord (5.0.2) lib/active_record/connection_adapters/abstract/connection_pool.rb:729:in `new_connection'
activerecord (5.0.2) lib/active_record/connection_adapters/abstract/connection_pool.rb:773:in `checkout_new_connection'
activerecord (5.0.2) lib/active_record/connection_adapters/abstract/connection_pool.rb:752:in `try_to_checkout_new_connection'
activerecord (5.0.2) lib/active_record/connection_adapters/abstract/connection_pool.rb:713:in `acquire_connection'
activerecord (5.0.2) lib/active_record/connection_adapters/abstract/connection_pool.rb:490:in `checkout'
activerecord (5.0.2) lib/active_record/connection_adapters/abstract/connection_pool.rb:364:in `connection'
activerecord (5.0.2) lib/active_record/connection_adapters/abstract/connection_pool.rb:883:in `retrieve_connection'
activerecord (5.0.2) lib/active_record/connection_handling.rb:128:in `retrieve_connection'
activerecord (5.0.2) lib/active_record/connection_handling.rb:91:in `connection'
activerecord (5.0.2) lib/active_record/migration.rb:559:in `connection'
activerecord (5.0.2) lib/active_record/migration.rb:546:in `call'
actionpack (5.0.2) lib/action_dispatch/middleware/callbacks.rb:38:in `block in call'
activesupport (5.0.2) lib/active_support/callbacks.rb:97:in `__run_callbacks__'
activesupport (5.0.2) lib/active_support/callbacks.rb:750:in `_run_call_callbacks'
activesupport (5.0.2) lib/active_support/callbacks.rb:90:in `run_callbacks'
actionpack (5.0.2) lib/action_dispatch/middleware/callbacks.rb:36:in `call'
actionpack (5.0.2) lib/action_dispatch/middleware/executor.rb:12:in `call'
actionpack (5.0.2) lib/action_dispatch/middleware/remote_ip.rb:79:in `call'
rollbar (2.14.0) lib/rollbar/middleware/rails/rollbar.rb:24:in `block in call'
rollbar (2.14.0) lib/rollbar.rb:145:in `scoped'
rollbar (2.14.0) lib/rollbar/middleware/rails/rollbar.rb:22:in `call'
actionpack (5.0.2) lib/action_dispatch/middleware/debug_exceptions.rb:49:in `call'
rollbar (2.14.0) lib/rollbar/middleware/rails/show_exceptions.rb:22:in `call_with_rollbar'
actionpack (5.0.2) lib/action_dispatch/middleware/show_exceptions.rb:31:in `call'
railties (5.0.2) lib/rails/rack/logger.rb:36:in `call_app'
railties (5.0.2) lib/rails/rack/logger.rb:24:in `block in call'
activesupport (5.0.2) lib/active_support/tagged_logging.rb:69:in `block in tagged'
activesupport (5.0.2) lib/active_support/tagged_logging.rb:26:in `tagged'
activesupport (5.0.2) lib/active_support/tagged_logging.rb:69:in `tagged'
railties (5.0.2) lib/rails/rack/logger.rb:24:in `call'
sprockets-rails (3.2.0) lib/sprockets/rails/quiet_assets.rb:13:in `call'
actionpack (5.0.2) lib/action_dispatch/middleware/request_id.rb:24:in `call'
rack (2.0.1) lib/rack/method_override.rb:22:in `call'
rack (2.0.1) lib/rack/runtime.rb:22:in `call'
activesupport (5.0.2) lib/active_support/cache/strategy/local_cache_middleware.rb:28:in `call'
actionpack (5.0.2) lib/action_dispatch/middleware/executor.rb:12:in `call'
actionpack (5.0.2) lib/action_dispatch/middleware/static.rb:136:in `call'
rack (2.0.1) lib/rack/sendfile.rb:111:in `call'
railties (5.0.2) lib/rails/engine.rb:522:in `call'
thin (1.7.0) lib/thin/connection.rb:86:in `block in pre_process'
thin (1.7.0) lib/thin/connection.rb:84:in `catch'
thin (1.7.0) lib/thin/connection.rb:84:in `pre_process'
thin (1.7.0) lib/thin/connection.rb:53:in `process'
thin (1.7.0) lib/thin/connection.rb:39:in `receive_data'
eventmachine (1.2.3) lib/eventmachine.rb:194:in `run_machine'
eventmachine (1.2.3) lib/eventmachine.rb:194:in `run'
thin (1.7.0) lib/thin/backends/base.rb:73:in `start'
thin (1.7.0) lib/thin/server.rb:162:in `start'
rack (2.0.1) lib/rack/handler/thin.rb:22:in `run'
rack (2.0.1) lib/rack/server.rb:296:in `start'
railties (5.0.2) lib/rails/commands/server.rb:79:in `start'
railties (5.0.2) lib/rails/commands/commands_tasks.rb:90:in `block in server'
railties (5.0.2) lib/rails/commands/commands_tasks.rb:85:in `tap'
railties (5.0.2) lib/rails/commands/commands_tasks.rb:85:in `server'
railties (5.0.2) lib/rails/commands/commands_tasks.rb:49:in `run_command!'
railties (5.0.2) lib/rails/commands.rb:18:in `<top (required)>'
bin/rails:9:in `require'
bin/rails:9:in `<top (required)>'
spring (2.0.1) lib/spring/client/rails.rb:28:in `load'
spring (2.0.1) lib/spring/client/rails.rb:28:in `call'
spring (2.0.1) lib/spring/client/command.rb:7:in `call'
spring (2.0.1) lib/spring/client.rb:30:in `run'
spring (2.0.1) bin/spring:49:in `<top (required)>'
spring (2.0.1) lib/spring/binstub.rb:31:in `load'
spring (2.0.1) lib/spring/binstub.rb:31:in `<top (required)>'
/Users/karlpotenciano/.rvm/rubies/ruby-2.2.2/lib/ruby/site_ruby/2.2.0/rubygems/core_ext/kernel_require.rb:69:in `require'
/Users/karlpotenciano/.rvm/rubies/ruby-2.2.2/lib/ruby/site_ruby/2.2.0/rubygems/core_ext/kernel_require.rb:69:in `require'
bin/spring:15:in `<top (required)>'
bin/rails:3:in `load'
bin/rails:3:in `<main>'
  Rendering /Users/karlpotenciano/.rvm/gems/ruby-2.2.2/gems/actionpack-5.0.2/lib/action_dispatch/middleware/templates/rescues/diagnostics.html.erb within rescues/layout
  Rendering /Users/karlpotenciano/.rvm/gems/ruby-2.2.2/gems/actionpack-5.0.2/lib/action_dispatch/middleware/templates/rescues/_source.html.erb
  Rendered /Users/karlpotenciano/.rvm/gems/ruby-2.2.2/gems/actionpack-5.0.2/lib/action_dispatch/middleware/templates/rescues/_source.html.erb (6.0ms)
  Rendering /Users/karlpotenciano/.rvm/gems/ruby-2.2.2/gems/actionpack-5.0.2/lib/action_dispatch/middleware/templates/rescues/_trace.html.erb
  Rendered /Users/karlpotenciano/.rvm/gems/ruby-2.2.2/gems/actionpack-5.0.2/lib/action_dispatch/middleware/templates/rescues/_trace.html.erb (2.5ms)
  Rendering /Users/karlpotenciano/.rvm/gems/ruby-2.2.2/gems/actionpack-5.0.2/lib/action_dispatch/middleware/templates/rescues/_request_and_response.html.erb
  Rendered /Users/karlpotenciano/.rvm/gems/ruby-2.2.2/gems/actionpack-5.0.2/lib/action_dispatch/middleware/templates/rescues/_request_and_response.html.erb (1.1ms)
  Rendered /Users/karlpotenciano/.rvm/gems/ruby-2.2.2/gems/actionpack-5.0.2/lib/action_dispatch/middleware/templates/rescues/diagnostics.html.erb within rescues/layout (107.3ms)
Started GET "/" for ::1 at 2017-03-10 16:35:52 +0800
Processing by Rails::WelcomeController#index as HTML
  Parameters: {"internal"=>true}
  Rendering /Users/karlpotenciano/.rvm/gems/ruby-2.2.2/gems/railties-5.0.2/lib/rails/templates/rails/welcome/index.html.erb
  Rendered /Users/karlpotenciano/.rvm/gems/ruby-2.2.2/gems/railties-5.0.2/lib/rails/templates/rails/welcome/index.html.erb (3.5ms)
Completed 200 OK in 11ms (Views: 6.3ms | ActiveRecord: 0.0ms)


Started GET "/" for ::1 at 2017-03-10 16:42:32 +0800
Processing by Rails::WelcomeController#index as HTML
  Parameters: {"internal"=>true}
  Rendering /Users/karlpotenciano/.rvm/gems/ruby-2.2.2/gems/railties-5.0.2/lib/rails/templates/rails/welcome/index.html.erb
  Rendered /Users/karlpotenciano/.rvm/gems/ruby-2.2.2/gems/railties-5.0.2/lib/rails/templates/rails/welcome/index.html.erb (6.9ms)
Completed 200 OK in 27ms (Views: 21.9ms | ActiveRecord: 0.0ms)


Started GET "/" for ::1 at 2017-03-10 16:55:53 +0800
Processing by ApplicationController#index as HTML
Completed 200 OK in 1ms (Views: 0.3ms | ActiveRecord: 0.0ms)


